# JRE version: Java(TM) SE Runtime Environment (8.0_51-b16) (build 1.8.0_51-b16)
# Java VM: Java HotSpot(TM) 64-Bit Server VM (25.51-b03 mixed mode windows-amd64 compressed oops)
Heap:
 PSYoungGen      total 309760K, used 66260K [0x00000000eab00000, 0x0000000100000000, 0x0000000100000000)
  eden space 290816K, 17% used [0x00000000eab00000,0x00000000edd052b0,0x00000000fc700000)
  from space 18944K, 79% used [0x00000000fed80000,0x00000000ffc2ffa0,0x0000000100000000)
  to   space 29184K, 0% used [0x00000000fc700000,0x00000000fc700000,0x00000000fe380000)
 ParOldGen       total 74752K, used 56196K [0x00000000c0000000, 0x00000000c4900000, 0x00000000eab00000)
  object space 74752K, 75% used [0x00000000c0000000,0x00000000c36e1350,0x00000000c4900000)
 Metaspace       used 52395K, capacity 55746K, committed 55976K, reserved 1097728K
  class space    used 7235K, capacity 8317K, committed 8360K, reserved 1048576K
GC Heap History (10 events):
Event: 13.783 GC heap before
{Heap before GC invocations=9 (full 1):
 PSYoungGen      total 200704K, used 121389K [0x00000000eab00000, 0x0000000100000000, 0x0000000100000000)
  eden space 188928K, 58% used [0x00000000eab00000,0x00000000f160e230,0x00000000f6380000)
  from space 11776K, 99% used [0x00000000f6380000,0x00000000f6efd2f8,0x00000000f6f00000)
  to   space 14336K, 0% used [0x00000000ff200000,0x00000000ff200000,0x0000000100000000)
 ParOldGen       total 53760K, used 13253K [0x00000000c0000000, 0x00000000c3480000, 0x00000000eab00000)
  object space 53760K, 24% used [0x00000000c0000000,0x00000000c0cf14f0,0x00000000c3480000)
 Metaspace       used 34410K, capacity 35448K, committed 35496K, reserved 1079296K
  class space    used 4613K, capacity 5031K, committed 5032K, reserved 1048576K
Event: 13.840 GC heap after
Heap after GC invocations=9 (full 1):
 PSYoungGen      total 325632K, used 14312K [0x00000000eab00000, 0x0000000100000000, 0x0000000100000000)
  eden space 311296K, 0% used [0x00000000eab00000,0x00000000eab00000,0x00000000fdb00000)
  from space 14336K, 99% used [0x00000000ff200000,0x00000000ffffa160,0x0000000100000000)
  to   space 18944K, 0% used [0x00000000fdb00000,0x00000000fdb00000,0x00000000fed80000)
 ParOldGen       total 53760K, used 17669K [0x00000000c0000000, 0x00000000c3480000, 0x00000000eab00000)
  object space 53760K, 32% used [0x00000000c0000000,0x00000000c11414c8,0x00000000c3480000)
 Metaspace       used 34410K, capacity 35448K, committed 35496K, reserved 1079296K
  class space    used 4613K, capacity 5031K, committed 5032K, reserved 1048576K
}
Event: 13.840 GC heap before
{Heap before GC invocations=10 (full 2):
 PSYoungGen      total 325632K, used 14312K [0x00000000eab00000, 0x0000000100000000, 0x0000000100000000)
  eden space 311296K, 0% used [0x00000000eab00000,0x00000000eab00000,0x00000000fdb00000)
  from space 14336K, 99% used [0x00000000ff200000,0x00000000ffffa160,0x0000000100000000)
  to   space 18944K, 0% used [0x00000000fdb00000,0x00000000fdb00000,0x00000000fed80000)
 ParOldGen       total 53760K, used 17669K [0x00000000c0000000, 0x00000000c3480000, 0x00000000eab00000)
  object space 53760K, 32% used [0x00000000c0000000,0x00000000c11414c8,0x00000000c3480000)
 Metaspace       used 34410K, capacity 35448K, committed 35496K, reserved 1079296K
  class space    used 4613K, capacity 5031K, committed 5032K, reserved 1048576K
Event: 14.011 GC heap after
Heap after GC invocations=10 (full 2):
 PSYoungGen      total 325632K, used 0K [0x00000000eab00000, 0x0000000100000000, 0x0000000100000000)
  eden space 311296K, 0% used [0x00000000eab00000,0x00000000eab00000,0x00000000fdb00000)
  from space 14336K, 0% used [0x00000000ff200000,0x00000000ff200000,0x0000000100000000)
  to   space 18944K, 0% used [0x00000000fdb00000,0x00000000fdb00000,0x00000000fed80000)
 ParOldGen       total 74752K, used 24927K [0x00000000c0000000, 0x00000000c4900000, 0x00000000eab00000)
  object space 74752K, 33% used [0x00000000c0000000,0x00000000c1857fe8,0x00000000c4900000)
 Metaspace       used 34376K, capacity 35334K, committed 35496K, reserved 1079296K
  class space    used 4607K, capacity 4997K, committed 5032K, reserved 1048576K
}
Event: 17.594 GC heap before
{Heap before GC invocations=11 (full 2):
 PSYoungGen      total 325632K, used 310428K [0x00000000eab00000, 0x0000000100000000, 0x0000000100000000)
  eden space 311296K, 99% used [0x00000000eab00000,0x00000000fda27330,0x00000000fdb00000)
  from space 14336K, 0% used [0x00000000ff200000,0x00000000ff200000,0x0000000100000000)
  to   space 18944K, 0% used [0x00000000fdb00000,0x00000000fdb00000,0x00000000fed80000)
 ParOldGen       total 74752K, used 24927K [0x00000000c0000000, 0x00000000c4900000, 0x00000000eab00000)
  object space 74752K, 33% used [0x00000000c0000000,0x00000000c1857fe8,0x00000000c4900000)
 Metaspace       used 45411K, capacity 47526K, committed 47784K, reserved 1089536K
  class space    used 6316K, capacity 7070K, committed 7080K, reserved 1048576K
Event: 17.659 GC heap after
Heap after GC invocations=11 (full 2):
 PSYoungGen      total 330240K, used 18917K [0x00000000eab00000, 0x0000000100000000, 0x0000000100000000)
  eden space 311296K, 0% used [0x00000000eab00000,0x00000000eab00000,0x00000000fdb00000)
  from space 18944K, 99% used [0x00000000fdb00000,0x00000000fed79400,0x00000000fed80000)
  to   space 18944K, 0% used [0x00000000fed80000,0x00000000fed80000,0x0000000100000000)
 ParOldGen       total 74752K, used 42573K [0x00000000c0000000, 0x00000000c4900000, 0x00000000eab00000)
  object space 74752K, 56% used [0x00000000c0000000,0x00000000c2993410,0x00000000c4900000)
 Metaspace       used 45411K, capacity 47526K, committed 47784K, reserved 1089536K
  class space    used 6316K, capacity 7070K, committed 7080K, reserved 1048576K
}
Event: 17.659 GC heap before
{Heap before GC invocations=12 (full 3):
 PSYoungGen      total 330240K, used 18917K [0x00000000eab00000, 0x0000000100000000, 0x0000000100000000)
  eden space 311296K, 0% used [0x00000000eab00000,0x00000000eab00000,0x00000000fdb00000)
  from space 18944K, 99% used [0x00000000fdb00000,0x00000000fed79400,0x00000000fed80000)
  to   space 18944K, 0% used [0x00000000fed80000,0x00000000fed80000,0x0000000100000000)
 ParOldGen       total 74752K, used 42573K [0x00000000c0000000, 0x00000000c4900000, 0x00000000eab00000)
  object space 74752K, 56% used [0x00000000c0000000,0x00000000c2993410,0x00000000c4900000)
 Metaspace       used 45411K, capacity 47526K, committed 47784K, reserved 1089536K
  class space    used 6316K, capacity 7070K, committed 7080K, reserved 1048576K
Event: 18.053 GC heap after
Heap after GC invocations=12 (full 3):
 PSYoungGen      total 330240K, used 0K [0x00000000eab00000, 0x0000000100000000, 0x0000000100000000)
  eden space 311296K, 0% used [0x00000000eab00000,0x00000000eab00000,0x00000000fdb00000)
  from space 18944K, 0% used [0x00000000fdb00000,0x00000000fdb00000,0x00000000fed80000)
  to   space 18944K, 0% used [0x00000000fed80000,0x00000000fed80000,0x0000000100000000)
 ParOldGen       total 74752K, used 56188K [0x00000000c0000000, 0x00000000c4900000, 0x00000000eab00000)
  object space 74752K, 75% used [0x00000000c0000000,0x00000000c36df350,0x00000000c4900000)
 Metaspace       used 45411K, capacity 47526K, committed 47784K, reserved 1089536K
  class space    used 6316K, capacity 7070K, committed 7080K, reserved 1048576K
}
Event: 50.904 GC heap before
{Heap before GC invocations=13 (full 3):
 PSYoungGen      total 330240K, used 311296K [0x00000000eab00000, 0x0000000100000000, 0x0000000100000000)
  eden space 311296K, 100% used [0x00000000eab00000,0x00000000fdb00000,0x00000000fdb00000)
  from space 18944K, 0% used [0x00000000fdb00000,0x00000000fdb00000,0x00000000fed80000)
  to   space 18944K, 0% used [0x00000000fed80000,0x00000000fed80000,0x0000000100000000)
 ParOldGen       total 74752K, used 56188K [0x00000000c0000000, 0x00000000c4900000, 0x00000000eab00000)
  object space 74752K, 75% used [0x00000000c0000000,0x00000000c36df350,0x00000000c4900000)
 Metaspace       used 52238K, capacity 55524K, committed 55720K, reserved 1097728K
  class space    used 7231K, capacity 8312K, committed 8360K, reserved 1048576K
Event: 50.922 GC heap after
Heap after GC invocations=13 (full 3):
 PSYoungGen      total 309760K, used 15039K [0x00000000eab00000, 0x0000000100000000, 0x0000000100000000)
  eden space 290816K, 0% used [0x00000000eab00000,0x00000000eab00000,0x00000000fc700000)
  from space 18944K, 79% used [0x00000000fed80000,0x00000000ffc2ffa0,0x0000000100000000)
  to   space 29184K, 0% used [0x00000000fc700000,0x00000000fc700000,0x00000000fe380000)
 ParOldGen       total 74752K, used 56196K [0x00000000c0000000, 0x00000000c4900000, 0x00000000eab00000)
  object space 74752K, 75% used [0x00000000c0000000,0x00000000c36e1350,0x00000000c4900000)
 Metaspace       used 52238K, capacity 55524K, committed 55720K, reserved 1097728K
  class space    used 7231K, capacity 8312K, committed 8360K, reserved 1048576K
}

