# JRE version: Java(TM) SE Runtime Environment (8.0_51-b16) (build 1.8.0_51-b16)
# Java VM: Java HotSpot(TM) 64-Bit Server VM (25.51-b03 mixed mode windows-amd64 compressed oops)
Heap:
 PSYoungGen      total 320512K, used 195990K [0x00000000eab00000, 0x00000000ffb00000, 0x0000000100000000)
  eden space 299008K, 65% used [0x00000000eab00000,0x00000000f6a65a98,0x00000000fcf00000)
  from space 21504K, 0% used [0x00000000fe600000,0x00000000fe600000,0x00000000ffb00000)
  to   space 22528K, 0% used [0x00000000fcf00000,0x00000000fcf00000,0x00000000fe500000)
 ParOldGen       total 76288K, used 65284K [0x00000000c0000000, 0x00000000c4a80000, 0x00000000eab00000)
  object space 76288K, 85% used [0x00000000c0000000,0x00000000c3fc12c0,0x00000000c4a80000)
 Metaspace       used 57196K, capacity 61454K, committed 61568K, reserved 1101824K
  class space    used 7754K, capacity 8978K, committed 9088K, reserved 1048576K
GC Heap History (10 events):
Event: 21.645 GC heap before
{Heap before GC invocations=14 (full 2):
 PSYoungGen      total 301056K, used 56432K [0x00000000eab00000, 0x0000000100000000, 0x0000000100000000)
  eden space 284672K, 14% used [0x00000000eab00000,0x00000000ed21c528,0x00000000fc100000)
  from space 16384K, 99% used [0x00000000fc100000,0x00000000fd0ffe80,0x00000000fd100000)
  to   space 25600K, 0% used [0x00000000fe700000,0x00000000fe700000,0x0000000100000000)
 ParOldGen       total 76288K, used 40419K [0x00000000c0000000, 0x00000000c4a80000, 0x00000000eab00000)
  object space 76288K, 52% used [0x00000000c0000000,0x00000000c2778fc0,0x00000000c4a80000)
 Metaspace       used 45649K, capacity 47766K, committed 47872K, reserved 1089536K
  class space    used 6314K, capacity 7062K, committed 7168K, reserved 1048576K
Event: 21.682 GC heap after
Heap after GC invocations=14 (full 2):
 PSYoungGen      total 324608K, used 4261K [0x00000000eab00000, 0x0000000100000000, 0x0000000100000000)
  eden space 299008K, 0% used [0x00000000eab00000,0x00000000eab00000,0x00000000fcf00000)
  from space 25600K, 16% used [0x00000000fe700000,0x00000000feb294b0,0x0000000100000000)
  to   space 24576K, 0% used [0x00000000fcf00000,0x00000000fcf00000,0x00000000fe700000)
 ParOldGen       total 76288K, used 56853K [0x00000000c0000000, 0x00000000c4a80000, 0x00000000eab00000)
  object space 76288K, 74% used [0x00000000c0000000,0x00000000c37854e8,0x00000000c4a80000)
 Metaspace       used 45649K, capacity 47766K, committed 47872K, reserved 1089536K
  class space    used 6314K, capacity 7062K, committed 7168K, reserved 1048576K
}
Event: 21.682 GC heap before
{Heap before GC invocations=15 (full 3):
 PSYoungGen      total 324608K, used 4261K [0x00000000eab00000, 0x0000000100000000, 0x0000000100000000)
  eden space 299008K, 0% used [0x00000000eab00000,0x00000000eab00000,0x00000000fcf00000)
  from space 25600K, 16% used [0x00000000fe700000,0x00000000feb294b0,0x0000000100000000)
  to   space 24576K, 0% used [0x00000000fcf00000,0x00000000fcf00000,0x00000000fe700000)
 ParOldGen       total 76288K, used 56853K [0x00000000c0000000, 0x00000000c4a80000, 0x00000000eab00000)
  object space 76288K, 74% used [0x00000000c0000000,0x00000000c37854e8,0x00000000c4a80000)
 Metaspace       used 45649K, capacity 47766K, committed 47872K, reserved 1089536K
  class space    used 6314K, capacity 7062K, committed 7168K, reserved 1048576K
Event: 22.183 GC heap after
Heap after GC invocations=15 (full 3):
 PSYoungGen      total 324608K, used 0K [0x00000000eab00000, 0x0000000100000000, 0x0000000100000000)
  eden space 299008K, 0% used [0x00000000eab00000,0x00000000eab00000,0x00000000fcf00000)
  from space 25600K, 0% used [0x00000000fe700000,0x00000000fe700000,0x0000000100000000)
  to   space 24576K, 0% used [0x00000000fcf00000,0x00000000fcf00000,0x00000000fe700000)
 ParOldGen       total 76288K, used 56324K [0x00000000c0000000, 0x00000000c4a80000, 0x00000000eab00000)
  object space 76288K, 73% used [0x00000000c0000000,0x00000000c3701208,0x00000000c4a80000)
 Metaspace       used 45649K, capacity 47766K, committed 47872K, reserved 1089536K
  class space    used 6314K, capacity 7062K, committed 7168K, reserved 1048576K
}
Event: 567.198 GC heap before
{Heap before GC invocations=16 (full 3):
 PSYoungGen      total 324608K, used 299008K [0x00000000eab00000, 0x0000000100000000, 0x0000000100000000)
  eden space 299008K, 100% used [0x00000000eab00000,0x00000000fcf00000,0x00000000fcf00000)
  from space 25600K, 0% used [0x00000000fe700000,0x00000000fe700000,0x0000000100000000)
  to   space 24576K, 0% used [0x00000000fcf00000,0x00000000fcf00000,0x00000000fe700000)
 ParOldGen       total 76288K, used 56324K [0x00000000c0000000, 0x00000000c4a80000, 0x00000000eab00000)
  object space 76288K, 73% used [0x00000000c0000000,0x00000000c3701208,0x00000000c4a80000)
 Metaspace       used 48028K, capacity 51294K, committed 51456K, reserved 1093632K
  class space    used 6637K, capacity 7664K, committed 7680K, reserved 1048576K
Event: 567.226 GC heap after
Heap after GC invocations=16 (full 3):
 PSYoungGen      total 309248K, used 10180K [0x00000000eab00000, 0x00000000ffd00000, 0x0000000100000000)
  eden space 299008K, 0% used [0x00000000eab00000,0x00000000eab00000,0x00000000fcf00000)
  from space 10240K, 99% used [0x00000000fcf00000,0x00000000fd8f1388,0x00000000fd900000)
  to   space 23552K, 0% used [0x00000000fe600000,0x00000000fe600000,0x00000000ffd00000)
 ParOldGen       total 76288K, used 56332K [0x00000000c0000000, 0x00000000c4a80000, 0x00000000eab00000)
  object space 76288K, 73% used [0x00000000c0000000,0x00000000c3703208,0x00000000c4a80000)
 Metaspace       used 48028K, capacity 51294K, committed 51456K, reserved 1093632K
  class space    used 6637K, capacity 7664K, committed 7680K, reserved 1048576K
}
Event: 614.840 GC heap before
{Heap before GC invocations=17 (full 3):
 PSYoungGen      total 309248K, used 229668K [0x00000000eab00000, 0x00000000ffd00000, 0x0000000100000000)
  eden space 299008K, 73% used [0x00000000eab00000,0x00000000f8157f90,0x00000000fcf00000)
  from space 10240K, 99% used [0x00000000fcf00000,0x00000000fd8f1388,0x00000000fd900000)
  to   space 23552K, 0% used [0x00000000fe600000,0x00000000fe600000,0x00000000ffd00000)
 ParOldGen       total 76288K, used 56332K [0x00000000c0000000, 0x00000000c4a80000, 0x00000000eab00000)
  object space 76288K, 73% used [0x00000000c0000000,0x00000000c3703208,0x00000000c4a80000)
 Metaspace       used 56122K, capacity 60024K, committed 60288K, reserved 1101824K
  class space    used 7628K, capacity 8774K, committed 8832K, reserved 1048576K
Event: 614.862 GC heap after
Heap after GC invocations=17 (full 3):
 PSYoungGen      total 320512K, used 9588K [0x00000000eab00000, 0x00000000ffb00000, 0x0000000100000000)
  eden space 299008K, 0% used [0x00000000eab00000,0x00000000eab00000,0x00000000fcf00000)
  from space 21504K, 44% used [0x00000000fe600000,0x00000000fef5d0d8,0x00000000ffb00000)
  to   space 22528K, 0% used [0x00000000fcf00000,0x00000000fcf00000,0x00000000fe500000)
 ParOldGen       total 76288K, used 61704K [0x00000000c0000000, 0x00000000c4a80000, 0x00000000eab00000)
  object space 76288K, 80% used [0x00000000c0000000,0x00000000c3c42330,0x00000000c4a80000)
 Metaspace       used 56122K, capacity 60024K, committed 60288K, reserved 1101824K
  class space    used 7628K, capacity 8774K, committed 8832K, reserved 1048576K
}
Event: 614.862 GC heap before
{Heap before GC invocations=18 (full 4):
 PSYoungGen      total 320512K, used 9588K [0x00000000eab00000, 0x00000000ffb00000, 0x0000000100000000)
  eden space 299008K, 0% used [0x00000000eab00000,0x00000000eab00000,0x00000000fcf00000)
  from space 21504K, 44% used [0x00000000fe600000,0x00000000fef5d0d8,0x00000000ffb00000)
  to   space 22528K, 0% used [0x00000000fcf00000,0x00000000fcf00000,0x00000000fe500000)
 ParOldGen       total 76288K, used 61704K [0x00000000c0000000, 0x00000000c4a80000, 0x00000000eab00000)
  object space 76288K, 80% used [0x00000000c0000000,0x00000000c3c42330,0x00000000c4a80000)
 Metaspace       used 56122K, capacity 60024K, committed 60288K, reserved 1101824K
  class space    used 7628K, capacity 8774K, committed 8832K, reserved 1048576K
Event: 615.422 GC heap after
Heap after GC invocations=18 (full 4):
 PSYoungGen      total 320512K, used 0K [0x00000000eab00000, 0x00000000ffb00000, 0x0000000100000000)
  eden space 299008K, 0% used [0x00000000eab00000,0x00000000eab00000,0x00000000fcf00000)
  from space 21504K, 0% used [0x00000000fe600000,0x00000000fe600000,0x00000000ffb00000)
  to   space 22528K, 0% used [0x00000000fcf00000,0x00000000fcf00000,0x00000000fe500000)
 ParOldGen       total 76288K, used 65284K [0x00000000c0000000, 0x00000000c4a80000, 0x00000000eab00000)
  object space 76288K, 85% used [0x00000000c0000000,0x00000000c3fc12c0,0x00000000c4a80000)
 Metaspace       used 56122K, capacity 60024K, committed 60288K, reserved 1101824K
  class space    used 7628K, capacity 8774K, committed 8832K, reserved 1048576K
}

