# JRE version: Java(TM) SE Runtime Environment (8.0_51-b16) (build 1.8.0_51-b16)
# Java VM: Java HotSpot(TM) 64-Bit Server VM (25.51-b03 mixed mode windows-amd64 compressed oops)
Heap:
 PSYoungGen      total 59904K, used 6965K [0x00000000eab00000, 0x00000000f2a00000, 0x0000000100000000)
  eden space 55296K, 12% used [0x00000000eab00000,0x00000000eb1cd4e8,0x00000000ee100000)
  from space 4608K, 0% used [0x00000000ee100000,0x00000000ee100000,0x00000000ee580000)
  to   space 9728K, 0% used [0x00000000f2080000,0x00000000f2080000,0x00000000f2a00000)
 ParOldGen       total 50688K, used 9719K [0x00000000c0000000, 0x00000000c3180000, 0x00000000eab00000)
  object space 50688K, 19% used [0x00000000c0000000,0x00000000c097df90,0x00000000c3180000)
 Metaspace       used 22096K, capacity 22628K, committed 22912K, reserved 1069056K
  class space    used 2937K, capacity 3116K, committed 3200K, reserved 1048576K
GC Heap History (10 events):
Event: 2.320 GC heap before
{Heap before GC invocations=2 (full 0):
 PSYoungGen      total 32256K, used 31263K [0x00000000eab00000, 0x00000000ecf00000, 0x0000000100000000)
  eden space 27648K, 100% used [0x00000000eab00000,0x00000000ec600000,0x00000000ec600000)
  from space 4608K, 78% used [0x00000000ec600000,0x00000000ec987d88,0x00000000eca80000)
  to   space 4608K, 0% used [0x00000000eca80000,0x00000000eca80000,0x00000000ecf00000)
 ParOldGen       total 73728K, used 8K [0x00000000c0000000, 0x00000000c4800000, 0x00000000eab00000)
  object space 73728K, 0% used [0x00000000c0000000,0x00000000c0002000,0x00000000c4800000)
 Metaspace       used 11122K, capacity 11404K, committed 11648K, reserved 1058816K
  class space    used 1487K, capacity 1589K, committed 1664K, reserved 1048576K
Event: 2.370 GC heap after
Heap after GC invocations=2 (full 0):
 PSYoungGen      total 32256K, used 4602K [0x00000000eab00000, 0x00000000eea00000, 0x0000000100000000)
  eden space 27648K, 0% used [0x00000000eab00000,0x00000000eab00000,0x00000000ec600000)
  from space 4608K, 99% used [0x00000000eca80000,0x00000000ecefea90,0x00000000ecf00000)
  to   space 4608K, 0% used [0x00000000ec600000,0x00000000ec600000,0x00000000eca80000)
 ParOldGen       total 73728K, used 512K [0x00000000c0000000, 0x00000000c4800000, 0x00000000eab00000)
  object space 73728K, 0% used [0x00000000c0000000,0x00000000c00801a8,0x00000000c4800000)
 Metaspace       used 11122K, capacity 11404K, committed 11648K, reserved 1058816K
  class space    used 1487K, capacity 1589K, committed 1664K, reserved 1048576K
}
Event: 2.885 GC heap before
{Heap before GC invocations=3 (full 0):
 PSYoungGen      total 32256K, used 32250K [0x00000000eab00000, 0x00000000eea00000, 0x0000000100000000)
  eden space 27648K, 100% used [0x00000000eab00000,0x00000000ec600000,0x00000000ec600000)
  from space 4608K, 99% used [0x00000000eca80000,0x00000000ecefea90,0x00000000ecf00000)
  to   space 4608K, 0% used [0x00000000ec600000,0x00000000ec600000,0x00000000eca80000)
 ParOldGen       total 73728K, used 512K [0x00000000c0000000, 0x00000000c4800000, 0x00000000eab00000)
  object space 73728K, 0% used [0x00000000c0000000,0x00000000c00801a8,0x00000000c4800000)
 Metaspace       used 16381K, capacity 16728K, committed 16896K, reserved 1064960K
  class space    used 2203K, capacity 2295K, committed 2304K, reserved 1048576K
Event: 2.896 GC heap after
Heap after GC invocations=3 (full 0):
 PSYoungGen      total 32256K, used 4576K [0x00000000eab00000, 0x00000000eea00000, 0x0000000100000000)
  eden space 27648K, 0% used [0x00000000eab00000,0x00000000eab00000,0x00000000ec600000)
  from space 4608K, 99% used [0x00000000ec600000,0x00000000eca78020,0x00000000eca80000)
  to   space 4608K, 0% used [0x00000000ee580000,0x00000000ee580000,0x00000000eea00000)
 ParOldGen       total 73728K, used 4103K [0x00000000c0000000, 0x00000000c4800000, 0x00000000eab00000)
  object space 73728K, 5% used [0x00000000c0000000,0x00000000c0401d28,0x00000000c4800000)
 Metaspace       used 16381K, capacity 16728K, committed 16896K, reserved 1064960K
  class space    used 2203K, capacity 2295K, committed 2304K, reserved 1048576K
}
Event: 3.720 GC heap before
{Heap before GC invocations=4 (full 0):
 PSYoungGen      total 32256K, used 32224K [0x00000000eab00000, 0x00000000eea00000, 0x0000000100000000)
  eden space 27648K, 100% used [0x00000000eab00000,0x00000000ec600000,0x00000000ec600000)
  from space 4608K, 99% used [0x00000000ec600000,0x00000000eca78020,0x00000000eca80000)
  to   space 4608K, 0% used [0x00000000ee580000,0x00000000ee580000,0x00000000eea00000)
 ParOldGen       total 73728K, used 4103K [0x00000000c0000000, 0x00000000c4800000, 0x00000000eab00000)
  object space 73728K, 5% used [0x00000000c0000000,0x00000000c0401d28,0x00000000c4800000)
 Metaspace       used 19308K, capacity 19750K, committed 20096K, reserved 1067008K
  class space    used 2665K, capacity 2824K, committed 2944K, reserved 1048576K
Event: 3.735 GC heap after
Heap after GC invocations=4 (full 0):
 PSYoungGen      total 59904K, used 4576K [0x00000000eab00000, 0x00000000eea00000, 0x0000000100000000)
  eden space 55296K, 0% used [0x00000000eab00000,0x00000000eab00000,0x00000000ee100000)
  from space 4608K, 99% used [0x00000000ee580000,0x00000000ee9f8020,0x00000000eea00000)
  to   space 4608K, 0% used [0x00000000ee100000,0x00000000ee100000,0x00000000ee580000)
 ParOldGen       total 73728K, used 7614K [0x00000000c0000000, 0x00000000c4800000, 0x00000000eab00000)
  object space 73728K, 10% used [0x00000000c0000000,0x00000000c076fa58,0x00000000c4800000)
 Metaspace       used 19308K, capacity 19750K, committed 20096K, reserved 1067008K
  class space    used 2665K, capacity 2824K, committed 2944K, reserved 1048576K
}
Event: 4.016 GC heap before
{Heap before GC invocations=5 (full 0):
 PSYoungGen      total 59904K, used 15205K [0x00000000eab00000, 0x00000000eea00000, 0x0000000100000000)
  eden space 55296K, 19% used [0x00000000eab00000,0x00000000eb5616c8,0x00000000ee100000)
  from space 4608K, 99% used [0x00000000ee580000,0x00000000ee9f8020,0x00000000eea00000)
  to   space 4608K, 0% used [0x00000000ee100000,0x00000000ee100000,0x00000000ee580000)
 ParOldGen       total 73728K, used 7614K [0x00000000c0000000, 0x00000000c4800000, 0x00000000eab00000)
  object space 73728K, 10% used [0x00000000c0000000,0x00000000c076fa58,0x00000000c4800000)
 Metaspace       used 20664K, capacity 21214K, committed 21296K, reserved 1067008K
  class space    used 2768K, capacity 2923K, committed 2944K, reserved 1048576K
Event: 4.079 GC heap after
Heap after GC invocations=5 (full 0):
 PSYoungGen      total 59904K, used 4592K [0x00000000eab00000, 0x00000000f2a00000, 0x0000000100000000)
  eden space 55296K, 0% used [0x00000000eab00000,0x00000000eab00000,0x00000000ee100000)
  from space 4608K, 99% used [0x00000000ee100000,0x00000000ee57c010,0x00000000ee580000)
  to   space 9728K, 0% used [0x00000000f2080000,0x00000000f2080000,0x00000000f2a00000)
 ParOldGen       total 73728K, used 8921K [0x00000000c0000000, 0x00000000c4800000, 0x00000000eab00000)
  object space 73728K, 12% used [0x00000000c0000000,0x00000000c08b67f8,0x00000000c4800000)
 Metaspace       used 20664K, capacity 21214K, committed 21296K, reserved 1067008K
  class space    used 2768K, capacity 2923K, committed 2944K, reserved 1048576K
}
Event: 4.079 GC heap before
{Heap before GC invocations=6 (full 1):
 PSYoungGen      total 59904K, used 4592K [0x00000000eab00000, 0x00000000f2a00000, 0x0000000100000000)
  eden space 55296K, 0% used [0x00000000eab00000,0x00000000eab00000,0x00000000ee100000)
  from space 4608K, 99% used [0x00000000ee100000,0x00000000ee57c010,0x00000000ee580000)
  to   space 9728K, 0% used [0x00000000f2080000,0x00000000f2080000,0x00000000f2a00000)
 ParOldGen       total 73728K, used 8921K [0x00000000c0000000, 0x00000000c4800000, 0x00000000eab00000)
  object space 73728K, 12% used [0x00000000c0000000,0x00000000c08b67f8,0x00000000c4800000)
 Metaspace       used 20664K, capacity 21214K, committed 21296K, reserved 1067008K
  class space    used 2768K, capacity 2923K, committed 2944K, reserved 1048576K
Event: 4.197 GC heap after
Heap after GC invocations=6 (full 1):
 PSYoungGen      total 59904K, used 0K [0x00000000eab00000, 0x00000000f2a00000, 0x0000000100000000)
  eden space 55296K, 0% used [0x00000000eab00000,0x00000000eab00000,0x00000000ee100000)
  from space 4608K, 0% used [0x00000000ee100000,0x00000000ee100000,0x00000000ee580000)
  to   space 9728K, 0% used [0x00000000f2080000,0x00000000f2080000,0x00000000f2a00000)
 ParOldGen       total 50688K, used 9719K [0x00000000c0000000, 0x00000000c3180000, 0x00000000eab00000)
  object space 50688K, 19% used [0x00000000c0000000,0x00000000c097df90,0x00000000c3180000)
 Metaspace       used 20664K, capacity 21214K, committed 21296K, reserved 1067008K
  class space    used 2768K, capacity 2923K, committed 2944K, reserved 1048576K
}

