# JRE version: Java(TM) SE Runtime Environment (8.0_51-b16) (build 1.8.0_51-b16)
# Java VM: Java HotSpot(TM) 64-Bit Server VM (25.51-b03 mixed mode windows-amd64 compressed oops)
Heap:
 PSYoungGen      total 322560K, used 239383K [0x00000000eab00000, 0x0000000100000000, 0x0000000100000000)
  eden space 295936K, 77% used [0x00000000eab00000,0x00000000f8b2e588,0x00000000fcc00000)
  from space 26624K, 36% used [0x00000000fcc00000,0x00000000fd597a50,0x00000000fe600000)
  to   space 25088K, 0% used [0x00000000fe780000,0x00000000fe780000,0x0000000100000000)
 ParOldGen       total 72704K, used 58410K [0x00000000c0000000, 0x00000000c4700000, 0x00000000eab00000)
  object space 72704K, 80% used [0x00000000c0000000,0x00000000c390a960,0x00000000c4700000)
 Metaspace       used 50912K, capacity 54790K, committed 55040K, reserved 1095680K
  class space    used 6947K, capacity 8168K, committed 8192K, reserved 1048576K
GC Heap History (10 events):
Event: 9.566 GC heap before
{Heap before GC invocations=10 (full 2):
 PSYoungGen      total 326144K, used 14827K [0x00000000eab00000, 0x0000000100000000, 0x0000000100000000)
  eden space 311296K, 0% used [0x00000000eab00000,0x00000000eab00000,0x00000000fdb00000)
  from space 14848K, 99% used [0x00000000ff180000,0x00000000ffffaca0,0x0000000100000000)
  to   space 18944K, 0% used [0x00000000fdb00000,0x00000000fdb00000,0x00000000fed80000)
 ParOldGen       total 50688K, used 12034K [0x00000000c0000000, 0x00000000c3180000, 0x00000000eab00000)
  object space 50688K, 23% used [0x00000000c0000000,0x00000000c0bc0ba8,0x00000000c3180000)
 Metaspace       used 34351K, capacity 35386K, committed 35456K, reserved 1079296K
  class space    used 4593K, capacity 4989K, committed 4992K, reserved 1048576K
Event: 9.728 GC heap after
Heap after GC invocations=10 (full 2):
 PSYoungGen      total 326144K, used 0K [0x00000000eab00000, 0x0000000100000000, 0x0000000100000000)
  eden space 311296K, 0% used [0x00000000eab00000,0x00000000eab00000,0x00000000fdb00000)
  from space 14848K, 0% used [0x00000000ff180000,0x00000000ff180000,0x0000000100000000)
  to   space 18944K, 0% used [0x00000000fdb00000,0x00000000fdb00000,0x00000000fed80000)
 ParOldGen       total 72704K, used 24003K [0x00000000c0000000, 0x00000000c4700000, 0x00000000eab00000)
  object space 72704K, 33% used [0x00000000c0000000,0x00000000c1770d98,0x00000000c4700000)
 Metaspace       used 34317K, capacity 35272K, committed 35456K, reserved 1079296K
  class space    used 4587K, capacity 4955K, committed 4992K, reserved 1048576K
}
Event: 13.157 GC heap before
{Heap before GC invocations=11 (full 2):
 PSYoungGen      total 326144K, used 276578K [0x00000000eab00000, 0x0000000100000000, 0x0000000100000000)
  eden space 311296K, 88% used [0x00000000eab00000,0x00000000fb918a60,0x00000000fdb00000)
  from space 14848K, 0% used [0x00000000ff180000,0x00000000ff180000,0x0000000100000000)
  to   space 18944K, 0% used [0x00000000fdb00000,0x00000000fdb00000,0x00000000fed80000)
 ParOldGen       total 72704K, used 24003K [0x00000000c0000000, 0x00000000c4700000, 0x00000000eab00000)
  object space 72704K, 33% used [0x00000000c0000000,0x00000000c1770d98,0x00000000c4700000)
 Metaspace       used 43770K, capacity 45714K, committed 46080K, reserved 1089536K
  class space    used 6049K, capacity 6798K, committed 6912K, reserved 1048576K
Event: 13.258 GC heap after
Heap after GC invocations=11 (full 2):
 PSYoungGen      total 330240K, used 18925K [0x00000000eab00000, 0x0000000100000000, 0x0000000100000000)
  eden space 311296K, 0% used [0x00000000eab00000,0x00000000eab00000,0x00000000fdb00000)
  from space 18944K, 99% used [0x00000000fdb00000,0x00000000fed7b7f0,0x00000000fed80000)
  to   space 18944K, 0% used [0x00000000fed80000,0x00000000fed80000,0x0000000100000000)
 ParOldGen       total 72704K, used 38336K [0x00000000c0000000, 0x00000000c4700000, 0x00000000eab00000)
  object space 72704K, 52% used [0x00000000c0000000,0x00000000c25701f0,0x00000000c4700000)
 Metaspace       used 43770K, capacity 45714K, committed 46080K, reserved 1089536K
  class space    used 6049K, capacity 6798K, committed 6912K, reserved 1048576K
}
Event: 13.258 GC heap before
{Heap before GC invocations=12 (full 3):
 PSYoungGen      total 330240K, used 18925K [0x00000000eab00000, 0x0000000100000000, 0x0000000100000000)
  eden space 311296K, 0% used [0x00000000eab00000,0x00000000eab00000,0x00000000fdb00000)
  from space 18944K, 99% used [0x00000000fdb00000,0x00000000fed7b7f0,0x00000000fed80000)
  to   space 18944K, 0% used [0x00000000fed80000,0x00000000fed80000,0x0000000100000000)
 ParOldGen       total 72704K, used 38336K [0x00000000c0000000, 0x00000000c4700000, 0x00000000eab00000)
  object space 72704K, 52% used [0x00000000c0000000,0x00000000c25701f0,0x00000000c4700000)
 Metaspace       used 43770K, capacity 45714K, committed 46080K, reserved 1089536K
  class space    used 6049K, capacity 6798K, committed 6912K, reserved 1048576K
Event: 13.612 GC heap after
Heap after GC invocations=12 (full 3):
 PSYoungGen      total 330240K, used 0K [0x00000000eab00000, 0x0000000100000000, 0x0000000100000000)
  eden space 311296K, 0% used [0x00000000eab00000,0x00000000eab00000,0x00000000fdb00000)
  from space 18944K, 0% used [0x00000000fdb00000,0x00000000fdb00000,0x00000000fed80000)
  to   space 18944K, 0% used [0x00000000fed80000,0x00000000fed80000,0x0000000100000000)
 ParOldGen       total 72704K, used 52258K [0x00000000c0000000, 0x00000000c4700000, 0x00000000eab00000)
  object space 72704K, 71% used [0x00000000c0000000,0x00000000c3308868,0x00000000c4700000)
 Metaspace       used 43770K, capacity 45714K, committed 46080K, reserved 1089536K
  class space    used 6049K, capacity 6798K, committed 6912K, reserved 1048576K
}
Event: 62.357 GC heap before
{Heap before GC invocations=13 (full 3):
 PSYoungGen      total 330240K, used 311296K [0x00000000eab00000, 0x0000000100000000, 0x0000000100000000)
  eden space 311296K, 100% used [0x00000000eab00000,0x00000000fdb00000,0x00000000fdb00000)
  from space 18944K, 0% used [0x00000000fdb00000,0x00000000fdb00000,0x00000000fed80000)
  to   space 18944K, 0% used [0x00000000fed80000,0x00000000fed80000,0x0000000100000000)
 ParOldGen       total 72704K, used 52258K [0x00000000c0000000, 0x00000000c4700000, 0x00000000eab00000)
  object space 72704K, 71% used [0x00000000c0000000,0x00000000c3308868,0x00000000c4700000)
 Metaspace       used 46872K, capacity 49886K, committed 50048K, reserved 1091584K
  class space    used 6477K, capacity 7474K, committed 7552K, reserved 1048576K
Event: 62.406 GC heap after
Heap after GC invocations=13 (full 3):
 PSYoungGen      total 314880K, used 9068K [0x00000000eab00000, 0x0000000100000000, 0x0000000100000000)
  eden space 295936K, 0% used [0x00000000eab00000,0x00000000eab00000,0x00000000fcc00000)
  from space 18944K, 47% used [0x00000000fed80000,0x00000000ff65b338,0x0000000100000000)
  to   space 26624K, 0% used [0x00000000fcc00000,0x00000000fcc00000,0x00000000fe600000)
 ParOldGen       total 72704K, used 52266K [0x00000000c0000000, 0x00000000c4700000, 0x00000000eab00000)
  object space 72704K, 71% used [0x00000000c0000000,0x00000000c330a868,0x00000000c4700000)
 Metaspace       used 46872K, capacity 49886K, committed 50048K, reserved 1091584K
  class space    used 6477K, capacity 7474K, committed 7552K, reserved 1048576K
}
Event: 88.280 GC heap before
{Heap before GC invocations=14 (full 3):
 PSYoungGen      total 314880K, used 305004K [0x00000000eab00000, 0x0000000100000000, 0x0000000100000000)
  eden space 295936K, 100% used [0x00000000eab00000,0x00000000fcc00000,0x00000000fcc00000)
  from space 18944K, 47% used [0x00000000fed80000,0x00000000ff65b338,0x0000000100000000)
  to   space 26624K, 0% used [0x00000000fcc00000,0x00000000fcc00000,0x00000000fe600000)
 ParOldGen       total 72704K, used 52266K [0x00000000c0000000, 0x00000000c4700000, 0x00000000eab00000)
  object space 72704K, 71% used [0x00000000c0000000,0x00000000c330a868,0x00000000c4700000)
 Metaspace       used 48175K, capacity 51714K, committed 51840K, reserved 1093632K
  class space    used 6594K, capacity 7734K, committed 7808K, reserved 1048576K
Event: 88.315 GC heap after
Heap after GC invocations=14 (full 3):
 PSYoungGen      total 322560K, used 9822K [0x00000000eab00000, 0x0000000100000000, 0x0000000100000000)
  eden space 295936K, 0% used [0x00000000eab00000,0x00000000eab00000,0x00000000fcc00000)
  from space 26624K, 36% used [0x00000000fcc00000,0x00000000fd597a50,0x00000000fe600000)
  to   space 25088K, 0% used [0x00000000fe780000,0x00000000fe780000,0x0000000100000000)
 ParOldGen       total 72704K, used 58410K [0x00000000c0000000, 0x00000000c4700000, 0x00000000eab00000)
  object space 72704K, 80% used [0x00000000c0000000,0x00000000c390a960,0x00000000c4700000)
 Metaspace       used 48175K, capacity 51714K, committed 51840K, reserved 1093632K
  class space    used 6594K, capacity 7734K, committed 7808K, reserved 1048576K
}

