# JRE version: Java(TM) SE Runtime Environment (8.0_51-b16) (build 1.8.0_51-b16)
# Java VM: Java HotSpot(TM) 64-Bit Server VM (25.51-b03 mixed mode windows-amd64 compressed oops)
Heap:
 PSYoungGen      total 283136K, used 271588K [0x00000000eab00000, 0x00000000fff00000, 0x0000000100000000)
  eden space 261632K, 100% used [0x00000000eab00000,0x00000000faa80000,0x00000000faa80000)
  from space 21504K, 46% used [0x00000000faa80000,0x00000000fb439388,0x00000000fbf80000)
  to   space 20992K, 0% used [0x00000000fea80000,0x00000000fea80000,0x00000000fff00000)
 ParOldGen       total 77824K, used 48778K [0x00000000c0000000, 0x00000000c4c00000, 0x00000000eab00000)
  object space 77824K, 62% used [0x00000000c0000000,0x00000000c2fa2930,0x00000000c4c00000)
 Metaspace       used 48617K, capacity 51888K, committed 52136K, reserved 1093632K
  class space    used 6730K, capacity 7823K, committed 7848K, reserved 1048576K
GC Heap History (10 events):
Event: 11.972 GC heap before
{Heap before GC invocations=14 (full 2):
 PSYoungGen      total 193024K, used 11746K [0x00000000eab00000, 0x00000000f8080000, 0x0000000100000000)
  eden space 181248K, 0% used [0x00000000eab00000,0x00000000eab00000,0x00000000f5c00000)
  from space 11776K, 99% used [0x00000000f6c00000,0x00000000f7778b20,0x00000000f7780000)
  to   space 16384K, 0% used [0x00000000f5c00000,0x00000000f5c00000,0x00000000f6c00000)
 ParOldGen       total 51712K, used 17318K [0x00000000c0000000, 0x00000000c3280000, 0x00000000eab00000)
  object space 51712K, 33% used [0x00000000c0000000,0x00000000c10e9bb8,0x00000000c3280000)
 Metaspace       used 34423K, capacity 35442K, committed 35496K, reserved 1079296K
  class space    used 4611K, capacity 5029K, committed 5032K, reserved 1048576K
Event: 12.209 GC heap after
Heap after GC invocations=14 (full 2):
 PSYoungGen      total 193024K, used 0K [0x00000000eab00000, 0x00000000f8080000, 0x0000000100000000)
  eden space 181248K, 0% used [0x00000000eab00000,0x00000000eab00000,0x00000000f5c00000)
  from space 11776K, 0% used [0x00000000f6c00000,0x00000000f6c00000,0x00000000f7780000)
  to   space 16384K, 0% used [0x00000000f5c00000,0x00000000f5c00000,0x00000000f6c00000)
 ParOldGen       total 77824K, used 25814K [0x00000000c0000000, 0x00000000c4c00000, 0x00000000eab00000)
  object space 77824K, 33% used [0x00000000c0000000,0x00000000c1935aa0,0x00000000c4c00000)
 Metaspace       used 34390K, capacity 35328K, committed 35496K, reserved 1079296K
  class space    used 4605K, capacity 4995K, committed 5032K, reserved 1048576K
}
Event: 15.476 GC heap before
{Heap before GC invocations=15 (full 2):
 PSYoungGen      total 193024K, used 181248K [0x00000000eab00000, 0x00000000f8080000, 0x0000000100000000)
  eden space 181248K, 100% used [0x00000000eab00000,0x00000000f5c00000,0x00000000f5c00000)
  from space 11776K, 0% used [0x00000000f6c00000,0x00000000f6c00000,0x00000000f7780000)
  to   space 16384K, 0% used [0x00000000f5c00000,0x00000000f5c00000,0x00000000f6c00000)
 ParOldGen       total 77824K, used 25814K [0x00000000c0000000, 0x00000000c4c00000, 0x00000000eab00000)
  object space 77824K, 33% used [0x00000000c0000000,0x00000000c1935aa0,0x00000000c4c00000)
 Metaspace       used 40436K, capacity 41914K, committed 42024K, reserved 1085440K
  class space    used 5515K, capacity 6095K, committed 6184K, reserved 1048576K
Event: 15.540 GC heap after
Heap after GC invocations=15 (full 2):
 PSYoungGen      total 197632K, used 16352K [0x00000000eab00000, 0x00000000fd480000, 0x0000000100000000)
  eden space 181248K, 0% used [0x00000000eab00000,0x00000000eab00000,0x00000000f5c00000)
  from space 16384K, 99% used [0x00000000f5c00000,0x00000000f6bf8380,0x00000000f6c00000)
  to   space 21504K, 0% used [0x00000000fbf80000,0x00000000fbf80000,0x00000000fd480000)
 ParOldGen       total 77824K, used 32291K [0x00000000c0000000, 0x00000000c4c00000, 0x00000000eab00000)
  object space 77824K, 41% used [0x00000000c0000000,0x00000000c1f88cc8,0x00000000c4c00000)
 Metaspace       used 40436K, capacity 41914K, committed 42024K, reserved 1085440K
  class space    used 5515K, capacity 6095K, committed 6184K, reserved 1048576K
}
Event: 16.776 GC heap before
{Heap before GC invocations=16 (full 2):
 PSYoungGen      total 197632K, used 117369K [0x00000000eab00000, 0x00000000fd480000, 0x0000000100000000)
  eden space 181248K, 55% used [0x00000000eab00000,0x00000000f0da6170,0x00000000f5c00000)
  from space 16384K, 99% used [0x00000000f5c00000,0x00000000f6bf8380,0x00000000f6c00000)
  to   space 21504K, 0% used [0x00000000fbf80000,0x00000000fbf80000,0x00000000fd480000)
 ParOldGen       total 77824K, used 32291K [0x00000000c0000000, 0x00000000c4c00000, 0x00000000eab00000)
  object space 77824K, 41% used [0x00000000c0000000,0x00000000c1f88cc8,0x00000000c4c00000)
 Metaspace       used 43737K, capacity 45632K, committed 45736K, reserved 1087488K
  class space    used 6048K, capacity 6792K, committed 6824K, reserved 1048576K
Event: 16.912 GC heap after
Heap after GC invocations=16 (full 2):
 PSYoungGen      total 283136K, used 10896K [0x00000000eab00000, 0x00000000fd480000, 0x0000000100000000)
  eden space 261632K, 0% used [0x00000000eab00000,0x00000000eab00000,0x00000000faa80000)
  from space 21504K, 50% used [0x00000000fbf80000,0x00000000fca240e8,0x00000000fd480000)
  to   space 21504K, 0% used [0x00000000faa80000,0x00000000faa80000,0x00000000fbf80000)
 ParOldGen       total 77824K, used 47360K [0x00000000c0000000, 0x00000000c4c00000, 0x00000000eab00000)
  object space 77824K, 60% used [0x00000000c0000000,0x00000000c2e401e8,0x00000000c4c00000)
 Metaspace       used 43737K, capacity 45632K, committed 45736K, reserved 1087488K
  class space    used 6048K, capacity 6792K, committed 6824K, reserved 1048576K
}
Event: 16.912 GC heap before
{Heap before GC invocations=17 (full 3):
 PSYoungGen      total 283136K, used 10896K [0x00000000eab00000, 0x00000000fd480000, 0x0000000100000000)
  eden space 261632K, 0% used [0x00000000eab00000,0x00000000eab00000,0x00000000faa80000)
  from space 21504K, 50% used [0x00000000fbf80000,0x00000000fca240e8,0x00000000fd480000)
  to   space 21504K, 0% used [0x00000000faa80000,0x00000000faa80000,0x00000000fbf80000)
 ParOldGen       total 77824K, used 47360K [0x00000000c0000000, 0x00000000c4c00000, 0x00000000eab00000)
  object space 77824K, 60% used [0x00000000c0000000,0x00000000c2e401e8,0x00000000c4c00000)
 Metaspace       used 43737K, capacity 45632K, committed 45736K, reserved 1087488K
  class space    used 6048K, capacity 6792K, committed 6824K, reserved 1048576K
Event: 17.404 GC heap after
Heap after GC invocations=17 (full 3):
 PSYoungGen      total 283136K, used 0K [0x00000000eab00000, 0x00000000fd480000, 0x0000000100000000)
  eden space 261632K, 0% used [0x00000000eab00000,0x00000000eab00000,0x00000000faa80000)
  from space 21504K, 0% used [0x00000000fbf80000,0x00000000fbf80000,0x00000000fd480000)
  to   space 21504K, 0% used [0x00000000faa80000,0x00000000faa80000,0x00000000fbf80000)
 ParOldGen       total 77824K, used 48770K [0x00000000c0000000, 0x00000000c4c00000, 0x00000000eab00000)
  object space 77824K, 62% used [0x00000000c0000000,0x00000000c2fa0930,0x00000000c4c00000)
 Metaspace       used 43737K, capacity 45632K, committed 45736K, reserved 1087488K
  class space    used 6048K, capacity 6792K, committed 6824K, reserved 1048576K
}
Event: 68.167 GC heap before
{Heap before GC invocations=18 (full 3):
 PSYoungGen      total 283136K, used 261632K [0x00000000eab00000, 0x00000000fd480000, 0x0000000100000000)
  eden space 261632K, 100% used [0x00000000eab00000,0x00000000faa80000,0x00000000faa80000)
  from space 21504K, 0% used [0x00000000fbf80000,0x00000000fbf80000,0x00000000fd480000)
  to   space 21504K, 0% used [0x00000000faa80000,0x00000000faa80000,0x00000000fbf80000)
 ParOldGen       total 77824K, used 48770K [0x00000000c0000000, 0x00000000c4c00000, 0x00000000eab00000)
  object space 77824K, 62% used [0x00000000c0000000,0x00000000c2fa0930,0x00000000c4c00000)
 Metaspace       used 46707K, capacity 49382K, committed 49704K, reserved 1091584K
  class space    used 6437K, capacity 7356K, committed 7464K, reserved 1048576K
Event: 68.268 GC heap after
Heap after GC invocations=18 (full 3):
 PSYoungGen      total 283136K, used 9956K [0x00000000eab00000, 0x00000000fff00000, 0x0000000100000000)
  eden space 261632K, 0% used [0x00000000eab00000,0x00000000eab00000,0x00000000faa80000)
  from space 21504K, 46% used [0x00000000faa80000,0x00000000fb439388,0x00000000fbf80000)
  to   space 20992K, 0% used [0x00000000fea80000,0x00000000fea80000,0x00000000fff00000)
 ParOldGen       total 77824K, used 48778K [0x00000000c0000000, 0x00000000c4c00000, 0x00000000eab00000)
  object space 77824K, 62% used [0x00000000c0000000,0x00000000c2fa2930,0x00000000c4c00000)
 Metaspace       used 46707K, capacity 49382K, committed 49704K, reserved 1091584K
  class space    used 6437K, capacity 7356K, committed 7464K, reserved 1048576K
}

