# JRE version: Java(TM) SE Runtime Environment (8.0_51-b16) (build 1.8.0_51-b16)
# Java VM: Java HotSpot(TM) 64-Bit Server VM (25.51-b03 mixed mode windows-amd64 compressed oops)
Heap:
 PSYoungGen      total 115200K, used 5323K [0x00000000eab00000, 0x00000000f9c00000, 0x0000000100000000)
  eden space 110592K, 1% used [0x00000000eab00000,0x00000000ead06a30,0x00000000f1700000)
  from space 4608K, 70% used [0x00000000f1700000,0x00000000f1a2c2e8,0x00000000f1b80000)
  to   space 12800K, 0% used [0x00000000f8f80000,0x00000000f8f80000,0x00000000f9c00000)
 ParOldGen       total 73728K, used 39179K [0x00000000c0000000, 0x00000000c4800000, 0x00000000eab00000)
  object space 73728K, 53% used [0x00000000c0000000,0x00000000c2642e38,0x00000000c4800000)
 Metaspace       used 7798K, capacity 8010K, committed 8320K, reserved 1056768K
  class space    used 783K, capacity 821K, committed 896K, reserved 1048576K
GC Heap History (10 events):
Event: 0.688 GC heap before
{Heap before GC invocations=1 (full 0):
 PSYoungGen      total 32256K, used 27648K [0x00000000eab00000, 0x00000000ecf00000, 0x0000000100000000)
  eden space 27648K, 100% used [0x00000000eab00000,0x00000000ec600000,0x00000000ec600000)
  from space 4608K, 0% used [0x00000000eca80000,0x00000000eca80000,0x00000000ecf00000)
  to   space 4608K, 0% used [0x00000000ec600000,0x00000000ec600000,0x00000000eca80000)
 ParOldGen       total 73728K, used 0K [0x00000000c0000000, 0x00000000c4800000, 0x00000000eab00000)
  object space 73728K, 0% used [0x00000000c0000000,0x00000000c0000000,0x00000000c4800000)
 Metaspace       used 5724K, capacity 6832K, committed 7040K, reserved 1056768K
  class space    used 576K, capacity 616K, committed 640K, reserved 1048576K
Event: 0.698 GC heap after
Heap after GC invocations=1 (full 0):
 PSYoungGen      total 32256K, used 4599K [0x00000000eab00000, 0x00000000eea00000, 0x0000000100000000)
  eden space 27648K, 0% used [0x00000000eab00000,0x00000000eab00000,0x00000000ec600000)
  from space 4608K, 99% used [0x00000000ec600000,0x00000000eca7ddc8,0x00000000eca80000)
  to   space 4608K, 0% used [0x00000000ee580000,0x00000000ee580000,0x00000000eea00000)
 ParOldGen       total 73728K, used 2167K [0x00000000c0000000, 0x00000000c4800000, 0x00000000eab00000)
  object space 73728K, 2% used [0x00000000c0000000,0x00000000c021dc88,0x00000000c4800000)
 Metaspace       used 5724K, capacity 6832K, committed 7040K, reserved 1056768K
  class space    used 576K, capacity 616K, committed 640K, reserved 1048576K
}
Event: 1.038 GC heap before
{Heap before GC invocations=2 (full 0):
 PSYoungGen      total 32256K, used 32247K [0x00000000eab00000, 0x00000000eea00000, 0x0000000100000000)
  eden space 27648K, 100% used [0x00000000eab00000,0x00000000ec600000,0x00000000ec600000)
  from space 4608K, 99% used [0x00000000ec600000,0x00000000eca7ddc8,0x00000000eca80000)
  to   space 4608K, 0% used [0x00000000ee580000,0x00000000ee580000,0x00000000eea00000)
 ParOldGen       total 73728K, used 2167K [0x00000000c0000000, 0x00000000c4800000, 0x00000000eab00000)
  object space 73728K, 2% used [0x00000000c0000000,0x00000000c021dc88,0x00000000c4800000)
 Metaspace       used 7580K, capacity 7940K, committed 8064K, reserved 1056768K
  class space    used 774K, capacity 820K, committed 896K, reserved 1048576K
Event: 1.053 GC heap after
Heap after GC invocations=2 (full 0):
 PSYoungGen      total 59904K, used 4578K [0x00000000eab00000, 0x00000000eea00000, 0x0000000100000000)
  eden space 55296K, 0% used [0x00000000eab00000,0x00000000eab00000,0x00000000ee100000)
  from space 4608K, 99% used [0x00000000ee580000,0x00000000ee9f88e8,0x00000000eea00000)
  to   space 4608K, 0% used [0x00000000ee100000,0x00000000ee100000,0x00000000ee580000)
 ParOldGen       total 73728K, used 8241K [0x00000000c0000000, 0x00000000c4800000, 0x00000000eab00000)
  object space 73728K, 11% used [0x00000000c0000000,0x00000000c080c5e0,0x00000000c4800000)
 Metaspace       used 7580K, capacity 7940K, committed 8064K, reserved 1056768K
  class space    used 774K, capacity 820K, committed 896K, reserved 1048576K
}
Event: 1.320 GC heap before
{Heap before GC invocations=3 (full 0):
 PSYoungGen      total 59904K, used 59874K [0x00000000eab00000, 0x00000000eea00000, 0x0000000100000000)
  eden space 55296K, 100% used [0x00000000eab00000,0x00000000ee100000,0x00000000ee100000)
  from space 4608K, 99% used [0x00000000ee580000,0x00000000ee9f88e8,0x00000000eea00000)
  to   space 4608K, 0% used [0x00000000ee100000,0x00000000ee100000,0x00000000ee580000)
 ParOldGen       total 73728K, used 8241K [0x00000000c0000000, 0x00000000c4800000, 0x00000000eab00000)
  object space 73728K, 11% used [0x00000000c0000000,0x00000000c080c5e0,0x00000000c4800000)
 Metaspace       used 7680K, capacity 8004K, committed 8320K, reserved 1056768K
  class space    used 775K, capacity 820K, committed 896K, reserved 1048576K
Event: 1.331 GC heap after
Heap after GC invocations=3 (full 0):
 PSYoungGen      total 59904K, used 4440K [0x00000000eab00000, 0x00000000f2000000, 0x0000000100000000)
  eden space 55296K, 0% used [0x00000000eab00000,0x00000000eab00000,0x00000000ee100000)
  from space 4608K, 96% used [0x00000000ee100000,0x00000000ee556358,0x00000000ee580000)
  to   space 4608K, 0% used [0x00000000f1b80000,0x00000000f1b80000,0x00000000f2000000)
 ParOldGen       total 73728K, used 14649K [0x00000000c0000000, 0x00000000c4800000, 0x00000000eab00000)
  object space 73728K, 19% used [0x00000000c0000000,0x00000000c0e4e588,0x00000000c4800000)
 Metaspace       used 7680K, capacity 8004K, committed 8320K, reserved 1056768K
  class space    used 775K, capacity 820K, committed 896K, reserved 1048576K
}
Event: 1.499 GC heap before
{Heap before GC invocations=4 (full 0):
 PSYoungGen      total 59904K, used 59736K [0x00000000eab00000, 0x00000000f2000000, 0x0000000100000000)
  eden space 55296K, 100% used [0x00000000eab00000,0x00000000ee100000,0x00000000ee100000)
  from space 4608K, 96% used [0x00000000ee100000,0x00000000ee556358,0x00000000ee580000)
  to   space 4608K, 0% used [0x00000000f1b80000,0x00000000f1b80000,0x00000000f2000000)
 ParOldGen       total 73728K, used 14649K [0x00000000c0000000, 0x00000000c4800000, 0x00000000eab00000)
  object space 73728K, 19% used [0x00000000c0000000,0x00000000c0e4e588,0x00000000c4800000)
 Metaspace       used 7708K, capacity 8004K, committed 8320K, reserved 1056768K
  class space    used 775K, capacity 820K, committed 896K, reserved 1048576K
Event: 1.523 GC heap after
Heap after GC invocations=4 (full 0):
 PSYoungGen      total 115200K, used 4606K [0x00000000eab00000, 0x00000000f2000000, 0x0000000100000000)
  eden space 110592K, 0% used [0x00000000eab00000,0x00000000eab00000,0x00000000f1700000)
  from space 4608K, 99% used [0x00000000f1b80000,0x00000000f1fff9f0,0x00000000f2000000)
  to   space 4608K, 0% used [0x00000000f1700000,0x00000000f1700000,0x00000000f1b80000)
 ParOldGen       total 73728K, used 18708K [0x00000000c0000000, 0x00000000c4800000, 0x00000000eab00000)
  object space 73728K, 25% used [0x00000000c0000000,0x00000000c12452a8,0x00000000c4800000)
 Metaspace       used 7708K, capacity 8004K, committed 8320K, reserved 1056768K
  class space    used 775K, capacity 820K, committed 896K, reserved 1048576K
}
Event: 1.854 GC heap before
{Heap before GC invocations=5 (full 0):
 PSYoungGen      total 115200K, used 115198K [0x00000000eab00000, 0x00000000f2000000, 0x0000000100000000)
  eden space 110592K, 100% used [0x00000000eab00000,0x00000000f1700000,0x00000000f1700000)
  from space 4608K, 99% used [0x00000000f1b80000,0x00000000f1fff9f0,0x00000000f2000000)
  to   space 4608K, 0% used [0x00000000f1700000,0x00000000f1700000,0x00000000f1b80000)
 ParOldGen       total 73728K, used 18708K [0x00000000c0000000, 0x00000000c4800000, 0x00000000eab00000)
  object space 73728K, 25% used [0x00000000c0000000,0x00000000c12452a8,0x00000000c4800000)
 Metaspace       used 7798K, capacity 8010K, committed 8320K, reserved 1056768K
  class space    used 783K, capacity 821K, committed 896K, reserved 1048576K
Event: 1.872 GC heap after
Heap after GC invocations=5 (full 0):
 PSYoungGen      total 115200K, used 3248K [0x00000000eab00000, 0x00000000f9c00000, 0x0000000100000000)
  eden space 110592K, 0% used [0x00000000eab00000,0x00000000eab00000,0x00000000f1700000)
  from space 4608K, 70% used [0x00000000f1700000,0x00000000f1a2c2e8,0x00000000f1b80000)
  to   space 12800K, 0% used [0x00000000f8f80000,0x00000000f8f80000,0x00000000f9c00000)
 ParOldGen       total 73728K, used 39179K [0x00000000c0000000, 0x00000000c4800000, 0x00000000eab00000)
  object space 73728K, 53% used [0x00000000c0000000,0x00000000c2642e38,0x00000000c4800000)
 Metaspace       used 7798K, capacity 8010K, committed 8320K, reserved 1056768K
  class space    used 783K, capacity 821K, committed 896K, reserved 1048576K
}

