# JRE version: Java(TM) SE Runtime Environment (8.0_51-b16) (build 1.8.0_51-b16)
# Java VM: Java HotSpot(TM) 64-Bit Server VM (25.51-b03 mixed mode windows-amd64 compressed oops)
Heap:
 PSYoungGen      total 115200K, used 105523K [0x00000000eab00000, 0x00000000f2000000, 0x0000000100000000)
  eden space 110592K, 91% used [0x00000000eab00000,0x00000000f0d90b40,0x00000000f1700000)
  from space 4608K, 99% used [0x00000000f1b80000,0x00000000f1ffc0f0,0x00000000f2000000)
  to   space 4608K, 0% used [0x00000000f1700000,0x00000000f1700000,0x00000000f1b80000)
 ParOldGen       total 73728K, used 14799K [0x00000000c0000000, 0x00000000c4800000, 0x00000000eab00000)
  object space 73728K, 20% used [0x00000000c0000000,0x00000000c0e73d98,0x00000000c4800000)
 Metaspace       used 7954K, capacity 8138K, committed 8320K, reserved 1056768K
  class space    used 784K, capacity 821K, committed 896K, reserved 1048576K
GC Heap History (8 events):
Event: 0.817 GC heap before
{Heap before GC invocations=1 (full 0):
 PSYoungGen      total 32256K, used 27648K [0x00000000eab00000, 0x00000000ecf00000, 0x0000000100000000)
  eden space 27648K, 100% used [0x00000000eab00000,0x00000000ec600000,0x00000000ec600000)
  from space 4608K, 0% used [0x00000000eca80000,0x00000000eca80000,0x00000000ecf00000)
  to   space 4608K, 0% used [0x00000000ec600000,0x00000000ec600000,0x00000000eca80000)
 ParOldGen       total 73728K, used 0K [0x00000000c0000000, 0x00000000c4800000, 0x00000000eab00000)
  object space 73728K, 0% used [0x00000000c0000000,0x00000000c0000000,0x00000000c4800000)
 Metaspace       used 5696K, capacity 6832K, committed 7040K, reserved 1056768K
  class space    used 578K, capacity 616K, committed 640K, reserved 1048576K
Event: 0.849 GC heap after
Heap after GC invocations=1 (full 0):
 PSYoungGen      total 32256K, used 4600K [0x00000000eab00000, 0x00000000eea00000, 0x0000000100000000)
  eden space 27648K, 0% used [0x00000000eab00000,0x00000000eab00000,0x00000000ec600000)
  from space 4608K, 99% used [0x00000000ec600000,0x00000000eca7e2d0,0x00000000eca80000)
  to   space 4608K, 0% used [0x00000000ee580000,0x00000000ee580000,0x00000000eea00000)
 ParOldGen       total 73728K, used 2116K [0x00000000c0000000, 0x00000000c4800000, 0x00000000eab00000)
  object space 73728K, 2% used [0x00000000c0000000,0x00000000c0211148,0x00000000c4800000)
 Metaspace       used 5696K, capacity 6832K, committed 7040K, reserved 1056768K
  class space    used 578K, capacity 616K, committed 640K, reserved 1048576K
}
Event: 1.187 GC heap before
{Heap before GC invocations=2 (full 0):
 PSYoungGen      total 32256K, used 32183K [0x00000000eab00000, 0x00000000eea00000, 0x0000000100000000)
  eden space 27648K, 99% used [0x00000000eab00000,0x00000000ec5efc08,0x00000000ec600000)
  from space 4608K, 99% used [0x00000000ec600000,0x00000000eca7e2d0,0x00000000eca80000)
  to   space 4608K, 0% used [0x00000000ee580000,0x00000000ee580000,0x00000000eea00000)
 ParOldGen       total 73728K, used 2116K [0x00000000c0000000, 0x00000000c4800000, 0x00000000eab00000)
  object space 73728K, 2% used [0x00000000c0000000,0x00000000c0211148,0x00000000c4800000)
 Metaspace       used 5903K, capacity 6960K, committed 7040K, reserved 1056768K
  class space    used 578K, capacity 616K, committed 640K, reserved 1048576K
Event: 1.201 GC heap after
Heap after GC invocations=2 (full 0):
 PSYoungGen      total 59904K, used 4582K [0x00000000eab00000, 0x00000000eea00000, 0x0000000100000000)
  eden space 55296K, 0% used [0x00000000eab00000,0x00000000eab00000,0x00000000ee100000)
  from space 4608K, 99% used [0x00000000ee580000,0x00000000ee9f9aa0,0x00000000eea00000)
  to   space 4608K, 0% used [0x00000000ee100000,0x00000000ee100000,0x00000000ee580000)
 ParOldGen       total 73728K, used 8007K [0x00000000c0000000, 0x00000000c4800000, 0x00000000eab00000)
  object space 73728K, 10% used [0x00000000c0000000,0x00000000c07d1cd0,0x00000000c4800000)
 Metaspace       used 5903K, capacity 6960K, committed 7040K, reserved 1056768K
  class space    used 578K, capacity 616K, committed 640K, reserved 1048576K
}
Event: 1.772 GC heap before
{Heap before GC invocations=3 (full 0):
 PSYoungGen      total 59904K, used 59878K [0x00000000eab00000, 0x00000000eea00000, 0x0000000100000000)
  eden space 55296K, 100% used [0x00000000eab00000,0x00000000ee100000,0x00000000ee100000)
  from space 4608K, 99% used [0x00000000ee580000,0x00000000ee9f9aa0,0x00000000eea00000)
  to   space 4608K, 0% used [0x00000000ee100000,0x00000000ee100000,0x00000000ee580000)
 ParOldGen       total 73728K, used 8007K [0x00000000c0000000, 0x00000000c4800000, 0x00000000eab00000)
  object space 73728K, 10% used [0x00000000c0000000,0x00000000c07d1cd0,0x00000000c4800000)
 Metaspace       used 7826K, capacity 8132K, committed 8320K, reserved 1056768K
  class space    used 775K, capacity 820K, committed 896K, reserved 1048576K
Event: 1.785 GC heap after
Heap after GC invocations=3 (full 0):
 PSYoungGen      total 59904K, used 4579K [0x00000000eab00000, 0x00000000f2000000, 0x0000000100000000)
  eden space 55296K, 0% used [0x00000000eab00000,0x00000000eab00000,0x00000000ee100000)
  from space 4608K, 99% used [0x00000000ee100000,0x00000000ee578c08,0x00000000ee580000)
  to   space 4608K, 0% used [0x00000000f1b80000,0x00000000f1b80000,0x00000000f2000000)
 ParOldGen       total 73728K, used 13251K [0x00000000c0000000, 0x00000000c4800000, 0x00000000eab00000)
  object space 73728K, 17% used [0x00000000c0000000,0x00000000c0cf0d68,0x00000000c4800000)
 Metaspace       used 7826K, capacity 8132K, committed 8320K, reserved 1056768K
  class space    used 775K, capacity 820K, committed 896K, reserved 1048576K
}
Event: 1.987 GC heap before
{Heap before GC invocations=4 (full 0):
 PSYoungGen      total 59904K, used 59875K [0x00000000eab00000, 0x00000000f2000000, 0x0000000100000000)
  eden space 55296K, 100% used [0x00000000eab00000,0x00000000ee100000,0x00000000ee100000)
  from space 4608K, 99% used [0x00000000ee100000,0x00000000ee578c08,0x00000000ee580000)
  to   space 4608K, 0% used [0x00000000f1b80000,0x00000000f1b80000,0x00000000f2000000)
 ParOldGen       total 73728K, used 13251K [0x00000000c0000000, 0x00000000c4800000, 0x00000000eab00000)
  object space 73728K, 17% used [0x00000000c0000000,0x00000000c0cf0d68,0x00000000c4800000)
 Metaspace       used 7851K, capacity 8132K, committed 8320K, reserved 1056768K
  class space    used 776K, capacity 820K, committed 896K, reserved 1048576K
Event: 2.015 GC heap after
Heap after GC invocations=4 (full 0):
 PSYoungGen      total 115200K, used 4592K [0x00000000eab00000, 0x00000000f2000000, 0x0000000100000000)
  eden space 110592K, 0% used [0x00000000eab00000,0x00000000eab00000,0x00000000f1700000)
  from space 4608K, 99% used [0x00000000f1b80000,0x00000000f1ffc0f0,0x00000000f2000000)
  to   space 4608K, 0% used [0x00000000f1700000,0x00000000f1700000,0x00000000f1b80000)
 ParOldGen       total 73728K, used 14799K [0x00000000c0000000, 0x00000000c4800000, 0x00000000eab00000)
  object space 73728K, 20% used [0x00000000c0000000,0x00000000c0e73d98,0x00000000c4800000)
 Metaspace       used 7851K, capacity 8132K, committed 8320K, reserved 1056768K
  class space    used 776K, capacity 820K, committed 896K, reserved 1048576K
}

